{
  "Cucumber Features": {
    "coverage": {
      "/home/ec2-user/environment/project/Project_Collection_and_Assignment/app/controllers/sessions_controller.rb": [
        1,
        1,
        null,
        null,
        null,
        1,
        null,
        null,
        null,
        1,
        46,
        null,
        46,
        46,
        46,
        46,
        null,
        null,
        null,
        0,
        0,
        null,
        null,
        null,
        1,
        8,
        null,
        null,
        null
      ],
      "/home/ec2-user/environment/project/Project_Collection_and_Assignment/app/controllers/application_controller.rb": [
        1,
        null,
        null,
        null,
        null,
        null,
        null,
        1,
        1,
        null,
        1,
        0,
        null,
        null,
        null,
        1,
        1,
        0,
        null,
        null,
        null,
        null,
        null,
        null,
        null,
        null,
        1,
        null,
        1,
        null
      ],
      "/home/ec2-user/environment/project/Project_Collection_and_Assignment/app/helpers/application_helper.rb": [
        1,
        null
      ],
      "/home/ec2-user/environment/project/Project_Collection_and_Assignment/app/helpers/assignments_helper.rb": [
        1,
        null
      ],
      "/home/ec2-user/environment/project/Project_Collection_and_Assignment/app/helpers/documents_helper.rb": [
        1,
        null
      ],
      "/home/ec2-user/environment/project/Project_Collection_and_Assignment/app/helpers/password_resets_helper.rb": [
        1,
        null
      ],
      "/home/ec2-user/environment/project/Project_Collection_and_Assignment/app/helpers/preassignments_helper.rb": [
        1,
        null
      ],
      "/home/ec2-user/environment/project/Project_Collection_and_Assignment/app/helpers/preferences_helper.rb": [
        1,
        null
      ],
      "/home/ec2-user/environment/project/Project_Collection_and_Assignment/app/helpers/projects_helper.rb": [
        1,
        null
      ],
      "/home/ec2-user/environment/project/Project_Collection_and_Assignment/app/helpers/relationships_helper.rb": [
        1,
        null
      ],
      "/home/ec2-user/environment/project/Project_Collection_and_Assignment/app/helpers/sessions_helper.rb": [
        1,
        null,
        null,
        1,
        52,
        null,
        null,
        null,
        0,
        null,
        52,
        null,
        null,
        null,
        null,
        1,
        1,
        1,
        1,
        null,
        null,
        null,
        1,
        143,
        null,
        null,
        null,
        1,
        2640,
        2446,
        194,
        null,
        0,
        0,
        0,
        0,
        null,
        null,
        null,
        null,
        null,
        null,
        1,
        689,
        null,
        null,
        null,
        1,
        54,
        54,
        54,
        null,
        null,
        null,
        1,
        8,
        8,
        8,
        8,
        0,
        0,
        null,
        8,
        null,
        null,
        null,
        null,
        1,
        47,
        47,
        null,
        null,
        null,
        1,
        1,
        null,
        null,
        null,
        1,
        192,
        1,
        1,
        1,
        null,
        null,
        null,
        null,
        null,
        null,
        1,
        69,
        null,
        null,
        null,
        69,
        0,
        0,
        0,
        69,
        0,
        0,
        null,
        null,
        null,
        null,
        1,
        41,
        null,
        null,
        1,
        3,
        0,
        0,
        0,
        null,
        3,
        null,
        null,
        null,
        1,
        0,
        0,
        null,
        0,
        null,
        null,
        null,
        1,
        3,
        1,
        1,
        1,
        null,
        2,
        null,
        null,
        null,
        1,
        2,
        1,
        1,
        1,
        null,
        1,
        null,
        null,
        null,
        1,
        0,
        0,
        null,
        0,
        null,
        null
      ],
      "/home/ec2-user/environment/project/Project_Collection_and_Assignment/app/helpers/static_pages_helper.rb": [
        1,
        null
      ],
      "/home/ec2-user/environment/project/Project_Collection_and_Assignment/app/helpers/teams_helper.rb": [
        1,
        null
      ],
      "/home/ec2-user/environment/project/Project_Collection_and_Assignment/app/helpers/users_helper.rb": [
        1,
        null,
        null,
        1,
        93,
        93,
        93,
        93,
        null,
        null
      ],
      "/home/ec2-user/environment/project/Project_Collection_and_Assignment/app/controllers/static_pages_controller.rb": [
        1,
        1,
        1,
        null,
        null,
        1,
        null,
        null,
        1,
        null,
        null,
        1,
        null,
        null,
        1,
        null,
        null,
        1,
        2,
        2,
        2,
        0,
        0,
        0,
        null,
        2,
        2,
        2,
        0,
        0,
        0,
        null,
        2,
        null,
        null,
        null,
        null,
        null,
        null,
        null,
        1,
        1,
        1,
        1,
        1,
        1,
        null,
        null,
        null,
        0,
        0,
        null,
        null,
        null,
        1,
        0,
        null,
        null,
        null,
        null
      ],
      "/home/ec2-user/environment/project/Project_Collection_and_Assignment/app/models/user.rb": [
        1,
        1,
        1,
        1,
        1,
        1,
        null,
        1,
        null,
        1,
        214,
        1,
        1,
        1,
        null,
        null,
        1,
        1,
        null,
        null,
        1,
        1,
        1,
        1,
        1,
        null,
        null,
        1,
        2,
        null,
        2,
        null,
        null,
        null,
        1,
        2,
        null,
        null,
        null,
        1,
        1,
        1,
        null,
        null,
        null,
        1,
        0,
        0,
        0,
        null,
        null,
        1,
        0,
        null,
        null,
        null,
        1,
        54,
        null,
        null,
        1,
        12,
        null,
        null,
        1,
        0,
        null,
        null,
        1,
        55,
        null,
        null,
        1,
        371,
        371,
        72,
        null,
        null,
        null,
        null,
        1,
        1,
        1,
        1,
        null,
        null,
        null,
        1,
        1,
        null,
        null,
        1,
        null,
        null,
        1,
        0,
        null,
        null,
        null,
        null
      ],
      "/home/ec2-user/environment/project/Project_Collection_and_Assignment/app/controllers/users_controller.rb": [
        1,
        1,
        null,
        null,
        null,
        1,
        1,
        null,
        1,
        null,
        null,
        9,
        null,
        9,
        null,
        9,
        null,
        9,
        35,
        35,
        0,
        null,
        35,
        null,
        null,
        null,
        9,
        9,
        null,
        null,
        9,
        5,
        5,
        null,
        1,
        0,
        0,
        null,
        null,
        1,
        1,
        null,
        null,
        null,
        8,
        null,
        null,
        null,
        1,
        65,
        null,
        null,
        1,
        7,
        null,
        null,
        1,
        5,
        5,
        5,
        5,
        5,
        null,
        0,
        null,
        null,
        null,
        1,
        2,
        null,
        null,
        1,
        null,
        3,
        null,
        3,
        0,
        null,
        null,
        3,
        null,
        3,
        1,
        null,
        null,
        2,
        2,
        null,
        2,
        1,
        null,
        null,
        1,
        1,
        null,
        null,
        null,
        1,
        2,
        2,
        2,
        2,
        null,
        0,
        null,
        null,
        null,
        1,
        2,
        null,
        2,
        1,
        1,
        null,
        null,
        1,
        1,
        null,
        null,
        null,
        2,
        null,
        null,
        null,
        null,
        1,
        0,
        null,
        0,
        0,
        0,
        0,
        0,
        0,
        null,
        null,
        1,
        null,
        2,
        null,
        2,
        1,
        1,
        null,
        null,
        1,
        null,
        2,
        null,
        null,
        1,
        1,
        7,
        null,
        null,
        null
      ],
      "/home/ec2-user/environment/project/Project_Collection_and_Assignment/app/models/relationship.rb": [
        1,
        1,
        1,
        1,
        1,
        null
      ],
      "/home/ec2-user/environment/project/Project_Collection_and_Assignment/app/models/project.rb": [
        1,
        1,
        1,
        null,
        1,
        1,
        1,
        1,
        null,
        null,
        null
      ],
      "/home/ec2-user/environment/project/Project_Collection_and_Assignment/app/models/team.rb": [
        1,
        1,
        1,
        1,
        null,
        1,
        1,
        null,
        1,
        1,
        null,
        1,
        102,
        null,
        null,
        1,
        77,
        null,
        null,
        null,
        null
      ],
      "/home/ec2-user/environment/project/Project_Collection_and_Assignment/app/controllers/projects_controller.rb": [
        1,
        1,
        1,
        1,
        null,
        1,
        7,
        7,
        7,
        7,
        1,
        null,
        6,
        null,
        null,
        null,
        1,
        10,
        10,
        10,
        10,
        1,
        null,
        9,
        null,
        10,
        null,
        null,
        1,
        4,
        4,
        4,
        4,
        1,
        null,
        3,
        null,
        4,
        null,
        null,
        1,
        3,
        null,
        3,
        3,
        null,
        3,
        3,
        3,
        null,
        3,
        null,
        null,
        null,
        null,
        null,
        null,
        2,
        null,
        null,
        2,
        0,
        null,
        2,
        null,
        null,
        null,
        null,
        null,
        null,
        null,
        1,
        5,
        5,
        5,
        20,
        5,
        null,
        null,
        15,
        15,
        null,
        null,
        15,
        15,
        13,
        13,
        13,
        13,
        13,
        null,
        2,
        null,
        2,
        2,
        2,
        2,
        2,
        2,
        2,
        0,
        0,
        null,
        0,
        0,
        null,
        null,
        null,
        null,
        null,
        null,
        null,
        null,
        null,
        null,
        null,
        null,
        2,
        2,
        null,
        2,
        2,
        2,
        null,
        null,
        null,
        15,
        null,
        null,
        5,
        5,
        null,
        5,
        null,
        null,
        1,
        1,
        1,
        0,
        0,
        0,
        null,
        null,
        1,
        1,
        1,
        1,
        0,
        null,
        null,
        1,
        1,
        null,
        1,
        1,
        1,
        1,
        0,
        0,
        null,
        0,
        null,
        null,
        1,
        null,
        null,
        null,
        1,
        1,
        1,
        1,
        0,
        0,
        null,
        0,
        null,
        null,
        1,
        null,
        null,
        null,
        1,
        null,
        null,
        1,
        1,
        null,
        1,
        null,
        null,
        1,
        16,
        1,
        1,
        null,
        null,
        15,
        10,
        10,
        2,
        null,
        8,
        null,
        null,
        10,
        10,
        7,
        7,
        7,
        null,
        3,
        null,
        null,
        10,
        10,
        null,
        10,
        null,
        null,
        10,
        10,
        10,
        10,
        10,
        10,
        2,
        2,
        2,
        2,
        2,
        null,
        8,
        8,
        8,
        null,
        null,
        5,
        null,
        null,
        1,
        3,
        0,
        0,
        0,
        null,
        null,
        3,
        null,
        3,
        6,
        6,
        3,
        null,
        3,
        0,
        null,
        3,
        null,
        null,
        null,
        3,
        null,
        3,
        3,
        3,
        3,
        null,
        null,
        null,
        3,
        1,
        null,
        null,
        1,
        1,
        null,
        null,
        2,
        2,
        2,
        null,
        2,
        2,
        null,
        null,
        null,
        1,
        null,
        null,
        7,
        7,
        7,
        7,
        null,
        7,
        null,
        1,
        null,
        null,
        1,
        1,
        1,
        1,
        null,
        1,
        1,
        1,
        null,
        null,
        null,
        null,
        null,
        7,
        null,
        null,
        7,
        1,
        null,
        null,
        null,
        7,
        null,
        null,
        7,
        0,
        0,
        null,
        null,
        null,
        null,
        1,
        5,
        5,
        9,
        null,
        null,
        null,
        null,
        null,
        1,
        null,
        3,
        null,
        null,
        3,
        2,
        2,
        null,
        2,
        0,
        null,
        2,
        null,
        null,
        null,
        null,
        1,
        1,
        null,
        null,
        null,
        1,
        1,
        null,
        1,
        2,
        null,
        1,
        1,
        1,
        1,
        null,
        1,
        0,
        null,
        null,
        null,
        null,
        null,
        null,
        1,
        1,
        null,
        1,
        1,
        1,
        null,
        0,
        null,
        null,
        null,
        1,
        1,
        null,
        null,
        1,
        1,
        0,
        null,
        null,
        null,
        1,
        1,
        0,
        null,
        null,
        1,
        null,
        1,
        1,
        null,
        null,
        0,
        null,
        null,
        null,
        null,
        null,
        null,
        null,
        null,
        null,
        null,
        null,
        1,
        4,
        4,
        null,
        4,
        4,
        null,
        3,
        null,
        3,
        null,
        null,
        null,
        3,
        0,
        null,
        3,
        null,
        null,
        null,
        4,
        null,
        4,
        null,
        4,
        null,
        4,
        null,
        null,
        4,
        null,
        null,
        null,
        null,
        null,
        null,
        null,
        null,
        null,
        null,
        null,
        null,
        null,
        null,
        null,
        null,
        null,
        null,
        null,
        null,
        null,
        null,
        null,
        null,
        null,
        null,
        null,
        null,
        null,
        null,
        null,
        null,
        null,
        null,
        null,
        null,
        null,
        null,
        null,
        1,
        0,
        0,
        0,
        0,
        0,
        0,
        null,
        null,
        null,
        1,
        1,
        4,
        1,
        null,
        3,
        null,
        null,
        null
      ],
      "/home/ec2-user/environment/project/Project_Collection_and_Assignment/app/models/assignment.rb": [
        1,
        1,
        1,
        null
      ],
      "/home/ec2-user/environment/project/Project_Collection_and_Assignment/app/models/own.rb": [
        1,
        1,
        1,
        1,
        1,
        null
      ],
      "/home/ec2-user/environment/project/Project_Collection_and_Assignment/app/models/preference.rb": [
        1,
        1,
        1,
        1,
        1,
        null
      ],
      "/home/ec2-user/environment/project/Project_Collection_and_Assignment/app/models/document.rb": [
        1,
        null,
        1,
        1,
        1,
        1,
        null,
        null,
        null,
        1,
        null
      ],
      "/home/ec2-user/environment/project/Project_Collection_and_Assignment/app/uploaders/filein_uploader.rb": [
        1,
        null,
        null,
        null,
        null,
        null,
        null,
        1,
        null,
        null,
        null,
        null,
        1,
        0,
        null,
        null,
        null,
        null,
        null,
        null,
        null,
        null,
        null,
        null,
        null,
        null,
        null,
        null,
        null,
        null,
        null,
        null,
        null,
        null,
        null,
        null,
        null,
        null,
        null,
        null,
        null,
        null,
        null,
        null,
        null,
        null,
        null,
        null,
        null
      ],
      "/home/ec2-user/environment/project/Project_Collection_and_Assignment/app/controllers/teams_controller.rb": [
        1,
        1,
        1,
        1,
        1,
        null,
        1,
        3,
        3,
        null,
        3,
        1,
        1,
        1,
        null,
        2,
        2,
        2,
        null,
        0,
        0,
        null,
        null,
        null,
        1,
        25,
        23,
        23,
        23,
        23,
        23,
        null,
        23,
        23,
        23,
        23,
        23,
        23,
        null,
        null,
        23,
        null,
        23,
        10,
        null,
        null,
        23,
        2,
        2,
        null,
        1,
        0,
        0,
        null,
        1,
        1,
        null,
        null,
        null,
        22,
        null,
        null,
        null,
        null,
        null,
        2,
        2,
        0,
        null,
        2,
        2,
        null,
        null,
        null,
        null,
        1,
        12,
        null,
        null,
        1,
        27,
        27,
        null,
        27,
        null,
        27,
        null,
        122,
        71,
        null,
        329,
        null,
        null,
        null,
        null,
        1,
        null,
        2,
        1,
        null,
        null,
        1,
        1,
        1,
        null,
        null,
        2,
        null,
        null,
        1,
        2,
        null,
        2,
        2,
        2,
        2,
        2,
        null,
        0,
        null,
        null,
        null,
        1,
        8,
        8,
        null,
        8,
        0,
        0,
        null,
        null,
        8,
        0,
        0,
        null,
        null,
        8,
        8,
        8,
        8,
        8,
        8,
        null,
        null,
        null,
        1,
        12,
        0,
        0,
        12,
        0,
        0,
        null,
        12,
        12,
        12,
        null,
        12,
        null,
        12,
        12,
        null,
        null,
        null,
        12,
        12,
        null,
        0,
        null,
        null,
        null,
        null,
        1,
        1,
        null,
        null,
        1,
        1,
        1,
        1,
        1,
        null,
        0,
        null,
        null,
        null,
        1,
        3,
        null,
        null,
        null,
        3,
        null,
        3,
        0,
        null,
        null,
        3,
        3,
        null,
        null,
        1,
        1,
        13,
        null,
        null,
        1,
        3,
        3,
        null,
        null,
        1,
        3,
        3,
        null,
        null,
        1,
        27,
        27,
        null,
        null
      ],
      "/home/ec2-user/environment/project/Project_Collection_and_Assignment/app/controllers/assignments_controller.rb": [
        1,
        1,
        1,
        null,
        1,
        1,
        1,
        1,
        1,
        1,
        2,
        2,
        2,
        1,
        null,
        1,
        null,
        2,
        1,
        null,
        1,
        null,
        2,
        2,
        null,
        1,
        1,
        null,
        null,
        1,
        null,
        null,
        5,
        5,
        null,
        5,
        null,
        null,
        null,
        5,
        1,
        1,
        1,
        null,
        null,
        4,
        null,
        null,
        4,
        1,
        1,
        1,
        null,
        null,
        3,
        9,
        null,
        3,
        3,
        null,
        null,
        3,
        6,
        12,
        12,
        0,
        null,
        0,
        null,
        12,
        null,
        null,
        null,
        null,
        null,
        3,
        0,
        0,
        null,
        null,
        null,
        null,
        3,
        3,
        null,
        3,
        3,
        3,
        null,
        3,
        6,
        6,
        6,
        6,
        6,
        6,
        6,
        0,
        null,
        0,
        null,
        6,
        null,
        null,
        null,
        3,
        3,
        null,
        null,
        1,
        9,
        9,
        9,
        17,
        null,
        9,
        23,
        null,
        null,
        9,
        9,
        9,
        9,
        9,
        9,
        9,
        null,
        null,
        null,
        1,
        1,
        1,
        null,
        null,
        1,
        1,
        null,
        1,
        1,
        1,
        null,
        0,
        null,
        1,
        null,
        null,
        1,
        1,
        1,
        1,
        1,
        null,
        1,
        0,
        0,
        0,
        null,
        1,
        1,
        1,
        1,
        1,
        1,
        null,
        null,
        null
      ],
      "/home/ec2-user/environment/project/Project_Collection_and_Assignment/app/controllers/reset_controller.rb": [
        1,
        1,
        1,
        null,
        1,
        null,
        1,
        1,
        1,
        1,
        1,
        0,
        null,
        1,
        null,
        1,
        1,
        null,
        0,
        null,
        1,
        0,
        null,
        1,
        null,
        1,
        1,
        null,
        1,
        1,
        null,
        null,
        1,
        1,
        1,
        1,
        1,
        1,
        1,
        null,
        null
      ],
      "/home/ec2-user/environment/project/Project_Collection_and_Assignment/app/models/preassignment.rb": [
        1,
        1,
        1,
        null
      ],
      "/home/ec2-user/environment/project/Project_Collection_and_Assignment/app/controllers/documents_controller.rb": [
        1,
        1,
        null,
        null,
        1,
        2,
        2,
        2,
        null,
        null,
        1,
        null,
        2,
        2,
        2,
        2,
        2,
        null,
        2,
        1,
        null,
        1,
        null,
        null,
        2,
        2,
        2,
        2,
        null,
        null,
        null,
        null,
        null,
        null,
        null,
        null,
        null,
        null,
        null,
        null,
        null,
        null,
        null,
        1,
        0,
        0,
        0,
        null,
        null
      ],
      "/home/ec2-user/environment/project/Project_Collection_and_Assignment/app/controllers/relationships_controller.rb": [
        1,
        1,
        null,
        1,
        2,
        2,
        0,
        0,
        null,
        2,
        null,
        null,
        null,
        1,
        null,
        2,
        null,
        2,
        null,
        2,
        0,
        0,
        0,
        null,
        0,
        0,
        0,
        null,
        null,
        0,
        0,
        0,
        null,
        null,
        2,
        2,
        null,
        null,
        null,
        null,
        1,
        2,
        2,
        2,
        0,
        0,
        2,
        2,
        2,
        null,
        0,
        0,
        0,
        null,
        null,
        null
      ],
      "/home/ec2-user/environment/project/Project_Collection_and_Assignment/app/controllers/password_resets_controller.rb": [
        1,
        1,
        1,
        1,
        null,
        null,
        1,
        null,
        null,
        1,
        2,
        2,
        2,
        1,
        1,
        1,
        1,
        null,
        1,
        1,
        null,
        null,
        null,
        1,
        null,
        null,
        1,
        0,
        0,
        0,
        0,
        0,
        0,
        0,
        null,
        0,
        0,
        0,
        0,
        0,
        null,
        0,
        null,
        null,
        null,
        null,
        1,
        null,
        1,
        0,
        null,
        null,
        1,
        0,
        0,
        null,
        null,
        null,
        1,
        null,
        0,
        0,
        null,
        null,
        null,
        null,
        1,
        0,
        0,
        0,
        null,
        null,
        null,
        null
      ],
      "/home/ec2-user/environment/project/Project_Collection_and_Assignment/app/mailers/user_mailer.rb": [
        1,
        null,
        1,
        1,
        1,
        1,
        null,
        null
      ],
      "/home/ec2-user/environment/project/Project_Collection_and_Assignment/app/mailers/application_mailer.rb": [
        1,
        1,
        1,
        null
      ],
      "/home/ec2-user/environment/project/Project_Collection_and_Assignment/app/controllers/preferences_controller.rb": [
        0,
        0,
        0,
        null,
        0,
        0,
        0,
        0,
        0,
        0,
        0,
        0,
        0,
        0,
        0,
        0,
        0,
        0,
        0,
        null,
        0,
        0,
        0,
        0,
        0,
        0
      ],
      "/home/ec2-user/environment/project/Project_Collection_and_Assignment/app/controllers/owns_controller.rb": [
        0,
        null,
        0
      ]
    },
    "timestamp": 1525730797
  },
  "RSpec": {
    "coverage": {
      "/home/ec2-user/Project_Collection_and_Assignment/app/helpers/application_helper.rb": [
        1,
        null
      ],
      "/home/ec2-user/Project_Collection_and_Assignment/app/helpers/assignments_helper.rb": [
        1,
        null
      ],
      "/home/ec2-user/Project_Collection_and_Assignment/app/helpers/documents_helper.rb": [
        1,
        null
      ],
      "/home/ec2-user/Project_Collection_and_Assignment/app/helpers/password_resets_helper.rb": [
        1,
        null
      ],
      "/home/ec2-user/Project_Collection_and_Assignment/app/helpers/preassignments_helper.rb": [
        1,
        null
      ],
      "/home/ec2-user/Project_Collection_and_Assignment/app/helpers/preferences_helper.rb": [
        1,
        null
      ],
      "/home/ec2-user/Project_Collection_and_Assignment/app/helpers/projects_helper.rb": [
        1,
        null
      ],
      "/home/ec2-user/Project_Collection_and_Assignment/app/helpers/relationships_helper.rb": [
        1,
        null
      ],
      "/home/ec2-user/Project_Collection_and_Assignment/app/helpers/sessions_helper.rb": [
        1,
        null,
        null,
        1,
        0,
        null,
        null,
        null,
        0,
        null,
        0,
        null,
        null,
        null,
        null,
        1,
        0,
        0,
        0,
        null,
        null,
        null,
        1,
        0,
        null,
        null,
        null,
        1,
        0,
        0,
        0,
        null,
        0,
        0,
        0,
        0,
        null,
        null,
        null,
        null,
        null,
        null,
        1,
        0,
        null,
        null,
        null,
        1,
        0,
        0,
        0,
        null,
        null,
        null,
        1,
        0,
        0,
        0,
        0,
        0,
        0,
        null,
        0,
        null,
        null,
        null,
        null,
        1,
        0,
        0,
        null,
        null,
        null,
        1,
        0,
        null,
        null,
        null,
        1,
        0,
        0,
        0,
        0,
        null,
        null,
        null,
        null,
        null,
        null,
        1,
        0,
        null,
        null,
        null,
        0,
        0,
        0,
        0,
        0,
        0,
        0,
        null,
        null,
        null,
        null,
        1,
        0,
        null,
        null,
        1,
        0,
        0,
        0,
        0,
        null,
        0,
        null,
        null,
        null,
        1,
        0,
        0,
        null,
        0,
        null,
        null,
        null,
        1,
        0,
        0,
        0,
        0,
        null,
        0,
        null,
        null,
        null,
        1,
        0,
        0,
        0,
        0,
        null,
        0,
        null,
        null,
        null,
        1,
        0,
        0,
        null,
        0,
        null,
        null
      ],
      "/home/ec2-user/Project_Collection_and_Assignment/app/helpers/static_pages_helper.rb": [
        1,
        null
      ],
      "/home/ec2-user/Project_Collection_and_Assignment/app/helpers/teams_helper.rb": [
        1,
        null
      ],
      "/home/ec2-user/Project_Collection_and_Assignment/app/helpers/users_helper.rb": [
        1,
        null,
        null,
        1,
        0,
        0,
        0,
        0,
        null,
        null
      ],
      "/home/ec2-user/Project_Collection_and_Assignment/app/controllers/preferences_controller.rb": [
        1,
        1,
        1,
        null,
        1,
        0,
        0,
        0,
        0,
        0,
        0,
        null,
        0,
        null,
        0,
        0,
        0,
        null,
        null,
        null,
        1,
        1,
        0,
        0,
        null,
        null
      ],
      "/home/ec2-user/Project_Collection_and_Assignment/app/controllers/application_controller.rb": [
        1,
        null,
        null,
        null,
        null,
        null,
        null,
        1,
        1,
        null,
        1,
        0,
        null,
        null,
        null,
        1,
        1,
        0,
        null,
        null,
        null,
        null,
        null,
        null,
        null,
        null,
        1,
        null,
        1,
        null
      ],
      "/home/ec2-user/Project_Collection_and_Assignment/app/controllers/projects_controller.rb": [
        1,
        1,
        1,
        1,
        null,
        1,
        0,
        0,
        0,
        0,
        0,
        null,
        0,
        null,
        null,
        null,
        1,
        0,
        0,
        0,
        0,
        0,
        null,
        0,
        null,
        0,
        null,
        null,
        1,
        0,
        0,
        0,
        0,
        0,
        null,
        0,
        null,
        0,
        null,
        null,
        1,
        0,
        null,
        0,
        0,
        null,
        0,
        0,
        0,
        null,
        0,
        null,
        null,
        null,
        null,
        null,
        null,
        0,
        null,
        null,
        0,
        null,
        0,
        0,
        null,
        0,
        null,
        null,
        null,
        null,
        0,
        null,
        null,
        null,
        1,
        0,
        0,
        0,
        0,
        0,
        null,
        null,
        0,
        0,
        null,
        null,
        0,
        0,
        0,
        0,
        0,
        0,
        0,
        null,
        0,
        null,
        0,
        0,
        0,
        0,
        0,
        0,
        0,
        0,
        0,
        null,
        0,
        0,
        null,
        null,
        null,
        null,
        null,
        null,
        null,
        null,
        null,
        null,
        null,
        null,
        0,
        0,
        null,
        0,
        0,
        0,
        null,
        null,
        null,
        0,
        null,
        null,
        0,
        0,
        null,
        0,
        null,
        null,
        1,
        0,
        0,
        0,
        0,
        0,
        null,
        null,
        0,
        0,
        0,
        0,
        0,
        null,
        null,
        0,
        0,
        null,
        0,
        0,
        0,
        0,
        0,
        0,
        null,
        0,
        null,
        null,
        0,
        null,
        null,
        null,
        0,
        0,
        0,
        0,
        0,
        0,
        null,
        0,
        null,
        null,
        0,
        null,
        null,
        null,
        0,
        null,
        null,
        0,
        0,
        null,
        0,
        null,
        null,
        1,
        0,
        0,
        0,
        null,
        null,
        0,
        0,
        0,
        0,
        null,
        0,
        null,
        null,
        0,
        0,
        0,
        0,
        0,
        null,
        0,
        null,
        null,
        0,
        0,
        null,
        null,
        0,
        0,
        0,
        0,
        0,
        0,
        0,
        0,
        0,
        0,
        0,
        null,
        0,
        0,
        0,
        null,
        null,
        0,
        null,
        null,
        1,
        0,
        0,
        0,
        0,
        null,
        null,
        0,
        null,
        0,
        0,
        0,
        0,
        null,
        0,
        0,
        null,
        0,
        null,
        null,
        null,
        0,
        null,
        0,
        0,
        0,
        0,
        null,
        null,
        null,
        0,
        0,
        null,
        null,
        0,
        0,
        null,
        null,
        0,
        0,
        0,
        null,
        0,
        0,
        null,
        null,
        null,
        1,
        null,
        null,
        0,
        0,
        0,
        0,
        null,
        0,
        null,
        0,
        null,
        null,
        0,
        0,
        0,
        0,
        null,
        null,
        null,
        0,
        null,
        null,
        0,
        0,
        null,
        null,
        null,
        0,
        null,
        null,
        0,
        0,
        0,
        null,
        null,
        null,
        null,
        1,
        2,
        2,
        62,
        null,
        null,
        null,
        null,
        null,
        1,
        null,
        0,
        null,
        null,
        0,
        0,
        0,
        null,
        0,
        0,
        null,
        0,
        null,
        null,
        null,
        0,
        null,
        null,
        null,
        1,
        0,
        null,
        0,
        0,
        null,
        null,
        null,
        null,
        null,
        1,
        0,
        null,
        0,
        0,
        0,
        null,
        0,
        null,
        null,
        null,
        1,
        0,
        null,
        null,
        0,
        0,
        0,
        null,
        null,
        null,
        0,
        0,
        0,
        null,
        null,
        0,
        null,
        0,
        0,
        null,
        null,
        0,
        null,
        null,
        null,
        null,
        null,
        null,
        null,
        null,
        null,
        null,
        null,
        1,
        0,
        0,
        null,
        0,
        0,
        null,
        0,
        null,
        0,
        null,
        null,
        null,
        0,
        0,
        null,
        0,
        null,
        null,
        null,
        0,
        null,
        0,
        null,
        0,
        null,
        0,
        null,
        null,
        0,
        null,
        null,
        1,
        0,
        0,
        0,
        0,
        0,
        null,
        0,
        0,
        0,
        0,
        null,
        null,
        0,
        0,
        null,
        null,
        null,
        1,
        0,
        0,
        0,
        0,
        0,
        null,
        0,
        0,
        0,
        0,
        null,
        null,
        0,
        0,
        null,
        null,
        null,
        1,
        0,
        0,
        0,
        0,
        0,
        0,
        null,
        null,
        null,
        1,
        1,
        0,
        0,
        null,
        0,
        null,
        null,
        null
      ],
      "/home/ec2-user/Project_Collection_and_Assignment/app/controllers/relationships_controller.rb": [
        1,
        1,
        null,
        1,
        0,
        0,
        0,
        0,
        null,
        0,
        null,
        null,
        null,
        1,
        null,
        0,
        null,
        0,
        null,
        0,
        0,
        0,
        0,
        null,
        0,
        0,
        0,
        null,
        null,
        0,
        0,
        0,
        null,
        null,
        0,
        0,
        null,
        null,
        null,
        null,
        1,
        0,
        0,
        0,
        0,
        0,
        0,
        0,
        0,
        null,
        0,
        0,
        0,
        null,
        null,
        null
      ],
      "/home/ec2-user/Project_Collection_and_Assignment/app/controllers/users_controller.rb": [
        1,
        1,
        null,
        null,
        null,
        1,
        1,
        null,
        1,
        null,
        null,
        0,
        null,
        0,
        null,
        0,
        null,
        0,
        0,
        0,
        0,
        0,
        null,
        0,
        null,
        null,
        null,
        0,
        0,
        null,
        null,
        0,
        0,
        0,
        null,
        0,
        0,
        0,
        null,
        null,
        0,
        0,
        null,
        null,
        null,
        0,
        null,
        null,
        null,
        1,
        0,
        0,
        0,
        null,
        null,
        1,
        2,
        null,
        null,
        1,
        0,
        0,
        0,
        0,
        0,
        null,
        0,
        null,
        null,
        null,
        1,
        0,
        null,
        null,
        1,
        null,
        0,
        null,
        0,
        0,
        null,
        null,
        0,
        null,
        0,
        0,
        null,
        null,
        0,
        0,
        null,
        0,
        0,
        null,
        null,
        0,
        0,
        null,
        null,
        null,
        1,
        0,
        0,
        0,
        0,
        null,
        0,
        null,
        null,
        null,
        1,
        0,
        null,
        0,
        0,
        0,
        null,
        null,
        0,
        0,
        null,
        null,
        null,
        0,
        null,
        null,
        null,
        null,
        1,
        0,
        null,
        0,
        0,
        0,
        0,
        0,
        0,
        null,
        null,
        1,
        null,
        0,
        null,
        0,
        0,
        0,
        null,
        null,
        0,
        null,
        0,
        null,
        null,
        1,
        1,
        0,
        null,
        null,
        null
      ],
      "/home/ec2-user/Project_Collection_and_Assignment/app/models/assignment.rb": [
        1,
        1,
        1,
        null
      ],
      "/home/ec2-user/Project_Collection_and_Assignment/app/models/preference.rb": [
        1,
        1,
        1,
        1,
        1,
        null
      ],
      "/home/ec2-user/Project_Collection_and_Assignment/app/models/project.rb": [
        1,
        1,
        1,
        null,
        1,
        1,
        1,
        1,
        null,
        null,
        null
      ],
      "/home/ec2-user/Project_Collection_and_Assignment/app/models/relationship.rb": [
        1,
        1,
        1,
        1,
        1,
        null
      ],
      "/home/ec2-user/Project_Collection_and_Assignment/app/models/team.rb": [
        1,
        1,
        1,
        1,
        null,
        1,
        1,
        null,
        1,
        1,
        null,
        1,
        0,
        null,
        null,
        1,
        0,
        null,
        null,
        null,
        null
      ],
      "/home/ec2-user/Project_Collection_and_Assignment/app/models/user.rb": [
        1,
        1,
        1,
        1,
        1,
        1,
        null,
        1,
        null,
        1,
        5,
        1,
        1,
        1,
        null,
        null,
        1,
        1,
        null,
        null,
        1,
        1,
        1,
        1,
        1,
        null,
        null,
        1,
        0,
        null,
        0,
        null,
        null,
        null,
        1,
        0,
        null,
        null,
        null,
        1,
        0,
        0,
        null,
        null,
        null,
        1,
        0,
        0,
        0,
        null,
        null,
        1,
        0,
        null,
        null,
        null,
        1,
        0,
        null,
        null,
        1,
        0,
        null,
        null,
        1,
        0,
        null,
        null,
        1,
        0,
        null,
        null,
        1,
        0,
        0,
        0,
        null,
        null,
        null,
        null,
        1,
        0,
        0,
        0,
        null,
        null,
        null,
        1,
        0,
        null,
        null,
        1,
        null,
        null,
        1,
        0,
        null,
        null,
        null,
        null
      ],
      "/home/ec2-user/Project_Collection_and_Assignment/app/mailers/user_mailer.rb": [
        0,
        null,
        0,
        0,
        0,
        0,
        0,
        0
      ],
      "/home/ec2-user/Project_Collection_and_Assignment/app/mailers/application_mailer.rb": [
        0,
        0,
        0,
        0
      ],
      "/home/ec2-user/Project_Collection_and_Assignment/app/uploaders/filein_uploader.rb": [
        0,
        null,
        null,
        null,
        null,
        null,
        null,
        0,
        null,
        null,
        null,
        null,
        0,
        0,
        0,
        null,
        null,
        null,
        null,
        null,
        null,
        null,
        null,
        null,
        null,
        null,
        null,
        null,
        null,
        null,
        null,
        null,
        null,
        null,
        null,
        null,
        null,
        null,
        null,
        null,
        null,
        null,
        null,
        null,
        null,
        null,
        null,
        null,
        0
      ],
      "/home/ec2-user/Project_Collection_and_Assignment/app/models/preassignment.rb": [
        0,
        0,
        0,
        0
      ],
      "/home/ec2-user/Project_Collection_and_Assignment/app/models/own.rb": [
        0,
        0,
        0,
        0,
        0,
        0
      ],
      "/home/ec2-user/Project_Collection_and_Assignment/app/models/document.rb": [
        0,
        null,
        0,
        0,
        0,
        0,
        null,
        null,
        null,
        0,
        0
      ],
      "/home/ec2-user/Project_Collection_and_Assignment/app/controllers/password_resets_controller.backup.rb": [
        0,
        0,
        0,
        0,
        null,
        null,
        0,
        0,
        null,
        0,
        0,
        0,
        0,
        0,
        0,
        0,
        0,
        0,
        0,
        0,
        0,
        0,
        null,
        0,
        0,
        null,
        0,
        0,
        0,
        0,
        0,
        0,
        0,
        0,
        0,
        0,
        0,
        0,
        null,
        null,
        0,
        null,
        0,
        0,
        0,
        null,
        0,
        0,
        0,
        0,
        null,
        null,
        0,
        0,
        0,
        0,
        0,
        0,
        null,
        null,
        0,
        0,
        0,
        0,
        0,
        0,
        null,
        0
      ],
      "/home/ec2-user/Project_Collection_and_Assignment/app/controllers/sessions_controller.rb": [
        0,
        0,
        null,
        0,
        null,
        0,
        null,
        0,
        null,
        0,
        0,
        null,
        0,
        0,
        0,
        0,
        null,
        0,
        null,
        0,
        0,
        0,
        0,
        null,
        0,
        0,
        null,
        0,
        0
      ],
      "/home/ec2-user/Project_Collection_and_Assignment/app/controllers/owns_controller.rb": [
        0,
        null,
        0
      ],
      "/home/ec2-user/Project_Collection_and_Assignment/app/controllers/documents_controller.rb": [
        0,
        0,
        0,
        null,
        0,
        0,
        0,
        null,
        0,
        0,
        0,
        0,
        0,
        null,
        0,
        null,
        0,
        0,
        0,
        0,
        0,
        null,
        0,
        0,
        0,
        0,
        0,
        null,
        0,
        0,
        0,
        0,
        null,
        null,
        null,
        null,
        null,
        null,
        null,
        null,
        null,
        null,
        null,
        null,
        null,
        0,
        null,
        0,
        0,
        0,
        0,
        0,
        0,
        0
      ],
      "/home/ec2-user/Project_Collection_and_Assignment/app/controllers/password_resets_controller.rb": [
        0,
        0,
        0,
        0,
        null,
        null,
        0,
        0,
        null,
        0,
        0,
        0,
        0,
        0,
        0,
        0,
        0,
        0,
        0,
        0,
        0,
        0,
        null,
        0,
        0,
        null,
        0,
        0,
        0,
        0,
        0,
        0,
        0,
        0,
        null,
        0,
        0,
        0,
        0,
        0,
        0,
        0,
        0,
        0,
        null,
        null,
        0,
        null,
        0,
        0,
        0,
        null,
        0,
        0,
        0,
        0,
        null,
        null,
        0,
        0,
        0,
        0,
        0,
        0,
        null,
        null,
        0,
        0,
        0,
        0,
        0,
        0,
        null,
        0
      ],
      "/home/ec2-user/Project_Collection_and_Assignment/app/controllers/reset_controller.rb": [
        0,
        0,
        0,
        null,
        0,
        null,
        0,
        0,
        0,
        0,
        0,
        0,
        0,
        0,
        0,
        0,
        0,
        0,
        0,
        0,
        0,
        0,
        0,
        0,
        0,
        0,
        0,
        0,
        0,
        0,
        null,
        null,
        0,
        0,
        0,
        0,
        0,
        0,
        0,
        0,
        0
      ],
      "/home/ec2-user/Project_Collection_and_Assignment/app/controllers/assignments_controller.rb": [
        0,
        0,
        0,
        null,
        0,
        0,
        0,
        0,
        0,
        0,
        0,
        0,
        0,
        0,
        0,
        0,
        0,
        0,
        0,
        0,
        0,
        0,
        0,
        0,
        0,
        0,
        0,
        0,
        null,
        0,
        null,
        null,
        0,
        0,
        null,
        0,
        null,
        0,
        null,
        null,
        null,
        0,
        0,
        0,
        0,
        0,
        null,
        0,
        null,
        null,
        0,
        0,
        0,
        0,
        0,
        null,
        0,
        0,
        null,
        0,
        0,
        null,
        null,
        0,
        0,
        0,
        0,
        0,
        0,
        0,
        0,
        0,
        0,
        0,
        0,
        null,
        null,
        0,
        0,
        0,
        0,
        0,
        null,
        null,
        0,
        0,
        null,
        0,
        0,
        0,
        null,
        0,
        0,
        0,
        0,
        0,
        0,
        0,
        0,
        0,
        0,
        0,
        0,
        0,
        0,
        0,
        0,
        0,
        0,
        0,
        null,
        0,
        0,
        0,
        0,
        0,
        0,
        0,
        0,
        0,
        null,
        0,
        0,
        0,
        0,
        0,
        0,
        0,
        0,
        0,
        null,
        0,
        0,
        0,
        0,
        null,
        0,
        0,
        null,
        0,
        0,
        0,
        0,
        0,
        0,
        0,
        0,
        null,
        0,
        0,
        0,
        0,
        0,
        null,
        0,
        0,
        0,
        0,
        0,
        0,
        0,
        0,
        0,
        0,
        0,
        0,
        null,
        0
      ],
      "/home/ec2-user/Project_Collection_and_Assignment/app/controllers/static_pages_controller.rb": [
        0,
        0,
        0,
        0,
        null,
        0,
        0,
        null,
        0,
        0,
        null,
        0,
        0,
        null,
        0,
        0,
        null,
        0,
        0,
        0,
        0,
        0,
        0,
        0,
        0,
        0,
        0,
        0,
        0,
        0,
        0,
        0,
        0,
        0,
        null,
        0,
        0,
        null,
        null,
        null,
        0,
        0,
        0,
        0,
        0,
        0,
        null,
        0,
        null,
        0,
        0,
        0,
        0,
        null,
        0,
        0,
        null,
        0,
        null,
        0
      ],
      "/home/ec2-user/Project_Collection_and_Assignment/app/controllers/teams_controller.rb": [
        0,
        0,
        0,
        0,
        0,
        null,
        0,
        0,
        0,
        0,
        0,
        0,
        0,
        0,
        0,
        0,
        0,
        null,
        0,
        0,
        0,
        0,
        0,
        0,
        null,
        0,
        0,
        0,
        0,
        0,
        0,
        null,
        0,
        null,
        0,
        0,
        0,
        null,
        0,
        0,
        null,
        0,
        0,
        0,
        null,
        0,
        0,
        0,
        0,
        0,
        0,
        0,
        null,
        0,
        0,
        0,
        null,
        null,
        null,
        0,
        0,
        0,
        0,
        0,
        0,
        0,
        0,
        0,
        0,
        null,
        0,
        0,
        0,
        null,
        0,
        0,
        0,
        null,
        0,
        null,
        0,
        null,
        0,
        0,
        0,
        0,
        0,
        null,
        0,
        null,
        0,
        null,
        0,
        0,
        null,
        0,
        0,
        0,
        0,
        0,
        null,
        0,
        0,
        null,
        0,
        0,
        0,
        null,
        0,
        0,
        0,
        0,
        null,
        null,
        0,
        0,
        0,
        null,
        0,
        0,
        0,
        0,
        0,
        0,
        0,
        0,
        0,
        null,
        0,
        0,
        0,
        0,
        0,
        0,
        0,
        0,
        0,
        0,
        0,
        null,
        0,
        null,
        0,
        0,
        0,
        null,
        null,
        0,
        0,
        0,
        0,
        0,
        0,
        0,
        null,
        0,
        0,
        0,
        null,
        0,
        0,
        0,
        0,
        0,
        0,
        0,
        0,
        0,
        null,
        0,
        0,
        null,
        null,
        null,
        0,
        null,
        0,
        0,
        0,
        null,
        0,
        0,
        0,
        null,
        0,
        0,
        0,
        0,
        null,
        0,
        0,
        0,
        0,
        null,
        0,
        0,
        0,
        0,
        null,
        0,
        0,
        0,
        0,
        0
      ]
    },
    "timestamp": 1522983563
  }
}
